2023-12-27 16:21:41,240 - INFO - Updating count for Desktop Mini G9 with operation add and value 2
2023-12-27 16:21:45,168 - INFO - Logged change: 2023-12-27 16:21:45, Desktop Mini G9, Add 1, SAN333335
2023-12-27 16:21:49,906 - INFO - Logged change: 2023-12-27 16:21:49, Desktop Mini G9, Add 1, SAN555553
2023-12-27 16:38:16,711 - INFO - Updating count for Desktop Mini G9 with operation add and value 2
2023-12-27 16:38:16,767 - INFO - Logged change: 2023-12-27 16:38:16, Desktop Mini G9, Add 2, 
2023-12-27 16:38:20,433 - INFO - Logged change: 2023-12-27 16:38:20, Desktop Mini G9, add, SAN999988
2023-12-27 16:38:24,477 - INFO - Logged change: 2023-12-27 16:38:24, Desktop Mini G9, add, SAN888899
2023-12-27 16:38:42,256 - INFO - Updating count for Desktop Mini G9 with operation add and value 1
2023-12-27 16:38:42,303 - INFO - Logged change: 2023-12-27 16:38:42, Desktop Mini G9, Add 1, 
2023-12-27 16:38:44,958 - INFO - Logged change: 2023-12-27 16:38:44, Desktop Mini G9, add, SAN111111
2023-12-27 16:38:54,051 - INFO - Updating count for Laptop 840 G10 with operation add and value 1
2023-12-27 16:38:54,089 - INFO - Logged change: 2023-12-27 16:38:54, Laptop 840 G10, Add 1, 
2023-12-27 16:38:57,132 - INFO - Logged change: 2023-12-27 16:38:57, Laptop 840 G10, add, SAN222222
2023-12-27 16:54:45,936 - INFO - Updating count for Laptop 840 G9 with operation add and value 3
2023-12-27 16:54:45,999 - INFO - Logged change: Item: Laptop 840 G9, Action: Add 3, SAN: , Time: 2023-12-27 16:54:45
2023-12-27 16:54:50,029 - INFO - Logged change: Item: Laptop 840 G9, Action: add, SAN: SAN333335, Time: 2023-12-27 16:54:49
2023-12-27 16:54:56,666 - INFO - Logged change: Item: Laptop 840 G9, Action: add, SAN: SAN555553, Time: 2023-12-27 16:54:56
2023-12-27 16:55:00,177 - INFO - Logged change: Item: Laptop 840 G9, Action: add, SAN: SAN335535, Time: 2023-12-27 16:55:00
2023-12-27 17:01:07,380 - INFO - Updating count for Desktop Mini G9 with operation add and value 1
2023-12-27 17:01:07,445 - INFO - Logged change: Item: Desktop Mini G9, Action: Add 1, SAN: , Time: 2023-12-27 17:01:07
2023-12-27 17:01:12,195 - INFO - Logged change: Item: Desktop Mini G9, Action: add, SAN: SAN333555, Time: 2023-12-27 17:01:12
2023-12-27 17:01:36,297 - INFO - Updating count for Laptop 840 G10 with operation add and value 1
2023-12-27 17:01:36,338 - INFO - Logged change: Item: Laptop 840 G10, Action: Add 1, SAN: , Time: 2023-12-27 17:01:36
2023-12-27 17:01:41,896 - INFO - Logged change: Item: Laptop 840 G10, Action: add, SAN: SAN333553, Time: 2023-12-27 17:01:41
2023-12-27 17:10:02,145 - INFO - Updating count for Laptop 840 G10 with operation add and value 1
2023-12-27 17:10:02,240 - INFO - Logged change: Item: Laptop 840 G10, Action: Add 1, SAN: , Time: 2023-12-27 17:10:02
2023-12-27 17:10:07,777 - INFO - Logged change: Item: Laptop 840 G10, Action: add, SAN: SAN888887, Time: 2023-12-27 17:10:07
2023-12-27 17:11:46,670 - INFO - Updating count for Laptop 840 G9 with operation add and value 2
2023-12-27 17:11:46,721 - INFO - Logged change: Item: Laptop 840 G9, Action: Add 2, SAN: , Time: 2023-12-27 17:11:46
2023-12-27 17:12:15,022 - INFO - Logged change: Item: Laptop 840 G9, Action: add, SAN: SAN001711, Time: 2023-12-27 17:12:14
2023-12-27 17:12:25,924 - INFO - Logged change: Item: Laptop 840 G9, Action: add, SAN: SAN001712, Time: 2023-12-27 17:12:25
2023-12-27 17:25:28,817 - INFO - Logged change: Item: Laptop 840 G9, Action: Add 2, SAN: , Time: 2023-12-27 17:25:28
2023-12-27 17:25:32,577 - INFO - Logged change: Item: Laptop 840 G9, Action: add, SAN: SAN777788, Time: 2023-12-27 17:25:32
2023-12-27 17:25:37,149 - INFO - Logged change: Item: Laptop 840 G9, Action: add, SAN: SAN888877, Time: 2023-12-27 17:25:37
2023-12-27 17:29:46,183 - INFO - Logged change: Item: Desktop Mini G9, Action: Add 1, SAN: , Time: 2023-12-27 17:29:46
2023-12-27 17:29:50,201 - INFO - Logged change: Item: Desktop Mini G9, Action: add, SAN: SAN999988, Time: 2023-12-27 17:29:50
2023-12-27 17:43:40,490 - INFO - Logged change: Item: Wireless KB & Mouse, Action: Add 1, SAN: , Time: 2023-12-27 17:43:40
2023-12-27 17:43:44,498 - INFO - Logged change: Item: Wireless KB & Mouse, Action: add, SAN: SAN888898, Time: 2023-12-27 17:43:44
2023-12-27 17:44:16,931 - INFO - Logged change: Item: Laptop 840 G9, Action: Add 1, SAN: , Time: 2023-12-27 17:44:16
2023-12-27 17:44:20,229 - INFO - Logged change: Item: Laptop 840 G9, Action: add, SAN: SAN999888, Time: 2023-12-27 17:44:20
2023-12-27 19:10:08,139 - INFO - Logged change: Item: Monitor 24” , Action: Add 5, SAN: , Time: 2023-12-27 19:10:08
2023-12-27 19:10:14,049 - INFO - Logged change: Item: Monitor 24” , Action: add, SAN: SAN000000, Time: 2023-12-27 19:10:13
2023-12-27 19:10:15,833 - INFO - Logged change: Item: Monitor 24” , Action: add, SAN: SAN000000, Time: 2023-12-27 19:10:15
2023-12-27 19:10:19,266 - INFO - Logged change: Item: Monitor 24” , Action: add, SAN: SAN000000, Time: 2023-12-27 19:10:19
2023-12-27 19:10:21,933 - INFO - Logged change: Item: Monitor 24” , Action: add, SAN: SAN00000000, Time: 2023-12-27 19:10:21
2023-12-27 19:10:24,540 - INFO - Logged change: Item: Monitor 24” , Action: add, SAN: SAN000000, Time: 2023-12-27 19:10:24
2023-12-27 19:11:44,206 - INFO - Updating count for Desktop Mini G9 with operation add and value 1
2023-12-27 19:11:47,883 - INFO - Logged change: 2023-12-27 19:11:47, Desktop Mini G9, Add 1, SANdsddsdsd
2023-12-27 19:34:23,636 - INFO - Updating count for Desktop Mini G9 with operation add and value 1
2023-12-27 19:34:29,701 - INFO - Logged change: 2023-12-27 19:34:29, Desktop Mini G9, Add 1, SAN45454545
2023-12-27 20:02:35,173 - INFO - Logged change: Item: Dock Thunderbolt G2, Action: Add 2, SAN: , Time: 2023-12-27 20:02:35
2023-12-27 20:03:03,873 - INFO - Logged change: Item: Dock Thunderbolt G2, Action: add, SAN: SANdfdfdf, Time: 2023-12-27 20:03:03
2023-12-27 20:03:06,021 - INFO - Logged change: Item: Dock Thunderbolt G2, Action: add, SAN: SANdfdfdfd, Time: 2023-12-27 20:03:05
